<?xml version="1.0" encoding="UTF-8"?>
<testsuite xmlns:xsi="http://www.w3.org/2001/XMLSchema-instance" xsi:noNamespaceSchemaLocation="https://maven.apache.org/surefire/maven-surefire-plugin/xsd/surefire-test-report.xsd" name="RouteCalculatorTest" time="0.07" tests="2" errors="0" skipped="0" failures="0">
  <properties>
[...]
</properties>
  <testcase name="testCalculateDuration" classname="RouteCalculatorTest" time="0.039"/>
  <testcase name="testGetShortestRoute" classname="RouteCalculatorTest" time="0.014"/>
</testsuite>